C51 COMPILER V9.01   MAIN                                                                  09/21/2024 08:24:10 PAGE 1   


C51 COMPILER V9.01, COMPILATION OF MODULE MAIN
OBJECT MODULE PLACED IN main.OBJ
COMPILER INVOKED BY: C:\Keil\C51\BIN\C51.EXE main.c BROWSE DEBUG OBJECTEXTEND

line level    source

   1          #include "reg52.h"
   2          
   3          //redefine system variable name
   4          typedef unsigned int u16;
   5          typedef unsigned char u8;
   6          
   7          sbit LED1=P2^0;
   8          
   9          //ten_us = 1, delay about 10us, depend on Cystal
  10          void delay_10us(u16 ten_us){
  11   1              while(ten_us--);
  12   1      }
  13          
  14          void main(){
  15   1              while(1){
  16   2                      LED1=0; //Light On
  17   2                      delay_10us(50000); // Delay about 450ms
  18   2                      LED1=1; //Light Off
  19   2                      delay_10us(50000);
  20   2              }
  21   1      }


MODULE INFORMATION:   STATIC OVERLAYABLE
   CODE SIZE        =     31    ----
   CONSTANT SIZE    =   ----    ----
   XDATA SIZE       =   ----    ----
   PDATA SIZE       =   ----    ----
   DATA SIZE        =   ----    ----
   IDATA SIZE       =   ----    ----
   BIT SIZE         =   ----    ----
END OF MODULE INFORMATION.


C51 COMPILATION COMPLETE.  0 WARNING(S),  0 ERROR(S)
