C51 COMPILER V9.01   MAIN                                                                  09/22/2024 15:10:24 PAGE 1   


C51 COMPILER V9.01, COMPILATION OF MODULE MAIN
OBJECT MODULE PLACED IN main.OBJ
COMPILER INVOKED BY: C:\Keil\C51\BIN\C51.EXE main.c BROWSE DEBUG OBJECTEXTEND

line level    source

   1          #include "reg52.h"
   2          
   3          //redifine system variable name
   4          typedef unsigned int u16;
   5          typedef unsigned char u8;
   6          
   7          #define LED_Port P2
   8          
   9          //ten_us = 1, delay about 10us, depend on Cystal
  10          void delay_10us(u16 ten_us){
  11   1              while(ten_us--);
  12   1      }
  13          
  14          void main(){
  15   1              u8 i=0;
  16   1              while(1){
  17   2                      for(i=0;i<8;i++){
  18   3                              LED_Port=~(0x01<<i);
  19   3                              delay_10us(50000);
  20   3                      }
  21   2              }
  22   1      }


MODULE INFORMATION:   STATIC OVERLAYABLE
   CODE SIZE        =     40    ----
   CONSTANT SIZE    =   ----    ----
   XDATA SIZE       =   ----    ----
   PDATA SIZE       =   ----    ----
   DATA SIZE        =   ----    ----
   IDATA SIZE       =   ----    ----
   BIT SIZE         =   ----    ----
END OF MODULE INFORMATION.


C51 COMPILATION COMPLETE.  0 WARNING(S),  0 ERROR(S)
