C51 COMPILER V9.01   MAIN                                                                  09/22/2024 15:17:56 PAGE 1   


C51 COMPILER V9.01, COMPILATION OF MODULE MAIN
OBJECT MODULE PLACED IN main.OBJ
COMPILER INVOKED BY: C:\Keil\C51\BIN\C51.EXE main.c BROWSE DEBUG OBJECTEXTEND

line level    source

   1          #include "reg52.h"
   2          #include "intrins.h"
   3          
   4          //redifine system variable name
   5          typedef unsigned int u16;
   6          typedef unsigned char u8;
   7          
   8          #define LED_Port P2
   9          
  10          //ten_us = 1, delay about 10us, depend on Cystal
  11          void delay_10us(u16 ten_us){
  12   1              while(ten_us--);
  13   1      }
  14          
  15          void main(){
  16   1              u8 i=0;
  17   1              LED_Port=~0x01;
  18   1              delay_10us(50000);
  19   1              while(1){
  20   2                      for(i=0;i<7;i++){
  21   3                              LED_Port=_crol_(LED_Port,1);
  22   3                              delay_10us(50000);
  23   3                      }
  24   2                      for(i=0;i<7;i++){
  25   3                              LED_Port=_cror_(LED_Port,1);
  26   3                              delay_10us(50000);
  27   3                      }
  28   2              }
  29   1      }


MODULE INFORMATION:   STATIC OVERLAYABLE
   CODE SIZE        =     70    ----
   CONSTANT SIZE    =   ----    ----
   XDATA SIZE       =   ----    ----
   PDATA SIZE       =   ----    ----
   DATA SIZE        =   ----    ----
   IDATA SIZE       =   ----    ----
   BIT SIZE         =   ----    ----
END OF MODULE INFORMATION.


C51 COMPILATION COMPLETE.  0 WARNING(S),  0 ERROR(S)
